
  .   ____          _            __ _ _
 /\\ / ___'_ __ _ _(_)_ __  __ _ \ \ \ \
( ( )\___ | '_ | '_| | '_ \/ _` | \ \ \ \
 \\/  ___)| |_)| | | | | || (_| |  ) ) ) )
  '  |____| .__|_| |_|_| |_\__, | / / / /
 =========|_|==============|___/=/_/_/_/

 :: Spring Boot ::                (v3.4.3)

2026-04-17T14:12:48.228+05:30  INFO 11460 --- [trustpay-backend] [           main] c.t.backend.TrustpayBackendApplication   : Starting TrustpayBackendApplication v0.0.1-SNAPSHOT using Java 21.0.10 with PID 11460 (C:\devtrails 2\TrustPay\backend\trustpay-backend\target\trustpay-backend-0.0.1-SNAPSHOT.jar started by burri in C:\devtrails 2\TrustPay\backend\trustpay-backend)
2026-04-17T14:12:48.237+05:30  INFO 11460 --- [trustpay-backend] [           main] c.t.backend.TrustpayBackendApplication   : No active profile set, falling back to 1 default profile: "default"
2026-04-17T14:13:01.640+05:30  WARN 11460 --- [trustpay-backend] [           main] org.hibernate.orm.deprecation            : HHH90000025: H2Dialect does not need to be specified explicitly using 'hibernate.dialect' (remove the property setting and it will be selected by default)
2026-04-17T14:13:14.204+05:30  WARN 11460 --- [trustpay-backend] [           main] JpaBaseConfiguration$JpaWebConfiguration : spring.jpa.open-in-view is enabled by default. Therefore, database queries may be performed during view rendering. Explicitly configure spring.jpa.open-in-view to disable this warning
2026-04-17T14:13:14.439+05:30  WARN 11460 --- [trustpay-backend] [           main] r$InitializeUserDetailsManagerConfigurer : Global AuthenticationManager configured with an AuthenticationProvider bean. UserDetailsService beans will not be used by Spring Security for automatically configuring username/password login. Consider removing the AuthenticationProvider bean. Alternatively, consider using the UserDetailsService in a manually instantiated DaoAuthenticationProvider. If the current configuration is intentional, to turn off this warning, increase the logging level of 'org.springframework.security.config.annotation.authentication.configuration.InitializeUserDetailsBeanManagerConfigurer' to ERROR
2026-04-17T14:13:18.051+05:30  INFO 11460 --- [trustpay-backend] [   scheduling-1] c.trustpay.backend.service.AQIScheduler  : Starting live AQI ingestion...
2026-04-17T14:13:18.088+05:30  INFO 11460 --- [trustpay-backend] [           main] c.t.backend.TrustpayBackendApplication   : Started TrustpayBackendApplication in 31.699 seconds (process running for 35.11)
2026-04-17T14:13:18.102+05:30  INFO 11460 --- [trustpay-backend] [           main] c.trustpay.backend.config.BootstrapData  : Bootstrapping Trustpay Backend demo data...
Hibernate: select u1_0.id from users u1_0 where u1_0.username=? fetch first ? rows only
Hibernate: select u1_0.id,u1_0.active_days,u1_0.base_hourly_rate,u1_0.city,u1_0.coverage_paused,u1_0.created_at,u1_0.currenth3index,u1_0.earnings_protected_total,u1_0.email,u1_0.is_onboarding_complete,u1_0.latitude,u1_0.longitude,u1_0.member_since,u1_0.name,u1_0.otp,u1_0.pan_number,u1_0.password,u1_0.phone,u1_0.platform,u1_0.protection_score,u1_0.rewards_balance,u1_0.risk_tier,u1_0.role,u1_0.status,u1_0.total_claims,u1_0.total_paid,u1_0.upi_id,u1_0.username,u1_0.vehicle_type,u1_0.worker_id,u1_0.zone from users u1_0 where u1_0.username=?
Hibernate: select u1_0.id from users u1_0 where u1_0.username=? fetch first ? rows only
Hibernate: select p1_0.id,p1_0.auto_renew,p1_0.coverage_multiplier,p1_0.end_date,p1_0.max_coverage,p1_0.plan_type,p1_0.start_date,p1_0.status,p1_0.weekly_premium,p1_0.worker_id from policies p1_0 where p1_0.worker_id=?
Hibernate: select c1_0.id,c1_0.active_status_signal,c1_0.activity_drop_signal,c1_0.ai_confidence_score,c1_0.claim_id,c1_0.claim_status,c1_0.created_at,c1_0.disruption_event_id,c1_0.estimated_loss,c1_0.event_type,c1_0.h3index,c1_0.h3presence_signal,c1_0.payout_amount,c1_0.peer_anomaly_signal,c1_0.processing_time,c1_0.route_impact_score,c1_0.upi_txn_id,c1_0.worker_id from claims c1_0 where c1_0.worker_id=?
Hibernate: select count(*) from fraud_cases fc1_0
Hibernate: select count(*) from transactions t1_0
Hibernate: insert into worker_zone_logs (activity_status,h3index,latitude,longitude,speed,timestamp,worker_id,id) values (?,?,?,?,?,?,?,default)
2026-04-17T14:13:21.014+05:30  INFO 11460 --- [trustpay-backend] [   scheduling-1] c.t.backend.service.TrafficScheduler     : Starting live Traffic ingestion...
2026-04-17T14:13:21.021+05:30  WARN 11460 --- [trustpay-backend] [   scheduling-1] c.t.backend.service.TrafficScheduler     : CRITICAL: Severe traffic delay detected (Index: 3.5)! Triggering parametric disruption.
2026-04-17T14:13:21.022+05:30  INFO 11460 --- [trustpay-backend] [   scheduling-1] c.t.backend.service.DisruptionService    : 📢 Parametric Trigger Activated: TRAFFIC in H3: 8960a259bd7ffff (Intensity: 3.5, Duration: 1.0 hrs)
Hibernate: insert into disruption_events (created_at,duration_hours,end_time,event_type,h3index,intensity_value,is_active,start_time,id) values (?,?,?,?,?,?,?,?,default)
Hibernate: select u1_0.id,u1_0.active_days,u1_0.base_hourly_rate,u1_0.city,u1_0.coverage_paused,u1_0.created_at,u1_0.currenth3index,u1_0.earnings_protected_total,u1_0.email,u1_0.is_onboarding_complete,u1_0.latitude,u1_0.longitude,u1_0.member_since,u1_0.name,u1_0.otp,u1_0.pan_number,u1_0.password,u1_0.phone,u1_0.platform,u1_0.protection_score,u1_0.rewards_balance,u1_0.risk_tier,u1_0.role,u1_0.status,u1_0.total_claims,u1_0.total_paid,u1_0.upi_id,u1_0.username,u1_0.vehicle_type,u1_0.worker_id,u1_0.zone from users u1_0
Hibernate: select u1_0.id,u1_0.active_days,u1_0.base_hourly_rate,u1_0.city,u1_0.coverage_paused,u1_0.created_at,u1_0.currenth3index,u1_0.earnings_protected_total,u1_0.email,u1_0.is_onboarding_complete,u1_0.latitude,u1_0.longitude,u1_0.member_since,u1_0.name,u1_0.otp,u1_0.pan_number,u1_0.password,u1_0.phone,u1_0.platform,u1_0.protection_score,u1_0.rewards_balance,u1_0.risk_tier,u1_0.role,u1_0.status,u1_0.total_claims,u1_0.total_paid,u1_0.upi_id,u1_0.username,u1_0.vehicle_type,u1_0.worker_id,u1_0.zone from users u1_0 where u1_0.id=?
2026-04-17T14:13:21.074+05:30  INFO 11460 --- [trustpay-backend] [   scheduling-1] c.t.backend.service.ClaimTriggerService  : Worker 1 has no H3 index yet
Hibernate: select u1_0.id,u1_0.active_days,u1_0.base_hourly_rate,u1_0.city,u1_0.coverage_paused,u1_0.created_at,u1_0.currenth3index,u1_0.earnings_protected_total,u1_0.email,u1_0.is_onboarding_complete,u1_0.latitude,u1_0.longitude,u1_0.member_since,u1_0.name,u1_0.otp,u1_0.pan_number,u1_0.password,u1_0.phone,u1_0.platform,u1_0.protection_score,u1_0.rewards_balance,u1_0.risk_tier,u1_0.role,u1_0.status,u1_0.total_claims,u1_0.total_paid,u1_0.upi_id,u1_0.username,u1_0.vehicle_type,u1_0.worker_id,u1_0.zone from users u1_0 where u1_0.id=?
2026-04-17T14:13:21.081+05:30  INFO 11460 --- [trustpay-backend] [   scheduling-1] c.t.backend.service.ClaimTriggerService  : Worker 33 has no H3 index yet
2026-04-17T14:13:21.083+05:30  INFO 11460 --- [trustpay-backend] [   scheduling-1] c.t.backend.service.WeatherScheduler     : 💨 [AQIScheduler] Checking air quality for active zones...
Hibernate: select u1_0.id,u1_0.active_days,u1_0.base_hourly_rate,u1_0.city,u1_0.coverage_paused,u1_0.created_at,u1_0.currenth3index,u1_0.earnings_protected_total,u1_0.email,u1_0.is_onboarding_complete,u1_0.latitude,u1_0.longitude,u1_0.member_since,u1_0.name,u1_0.otp,u1_0.pan_number,u1_0.password,u1_0.phone,u1_0.platform,u1_0.protection_score,u1_0.rewards_balance,u1_0.risk_tier,u1_0.role,u1_0.status,u1_0.total_claims,u1_0.total_paid,u1_0.upi_id,u1_0.username,u1_0.vehicle_type,u1_0.worker_id,u1_0.zone from users u1_0
2026-04-17T14:13:22.444+05:30  INFO 11460 --- [trustpay-backend] [   scheduling-1] c.t.backend.service.WeatherScheduler     : 💨 AQI for zone (17.4726, 78.3572): OWM=3 → Scaled=150
2026-04-17T14:13:22.445+05:30  INFO 11460 --- [trustpay-backend] [   scheduling-1] c.t.backend.service.WeatherScheduler     : ━━━━━━━━━━━━━━━━━━━━━━━━━━━━━━━━━━━━━━━━━━━━━━━━━━
2026-04-17T14:13:22.447+05:30  INFO 11460 --- [trustpay-backend] [   scheduling-1] c.t.backend.service.WeatherScheduler     : 🌐 [WeatherScheduler] Starting live weather ingestion cycle...
Hibernate: select u1_0.id,u1_0.active_days,u1_0.base_hourly_rate,u1_0.city,u1_0.coverage_paused,u1_0.created_at,u1_0.currenth3index,u1_0.earnings_protected_total,u1_0.email,u1_0.is_onboarding_complete,u1_0.latitude,u1_0.longitude,u1_0.member_since,u1_0.name,u1_0.otp,u1_0.pan_number,u1_0.password,u1_0.phone,u1_0.platform,u1_0.protection_score,u1_0.rewards_balance,u1_0.risk_tier,u1_0.role,u1_0.status,u1_0.total_claims,u1_0.total_paid,u1_0.upi_id,u1_0.username,u1_0.vehicle_type,u1_0.worker_id,u1_0.zone from users u1_0
2026-04-17T14:13:22.462+05:30  INFO 11460 --- [trustpay-backend] [   scheduling-1] c.t.backend.service.WeatherScheduler     : 📍 Checking 2 active workers across all zones
2026-04-17T14:13:22.846+05:30  INFO 11460 --- [trustpay-backend] [   scheduling-1] c.t.backend.service.WeatherScheduler     : 🌡️  Worker=demo_worker @ (17.4726, 78.3572) → Rain=0.0mm, Temp=38.59°C, Event=CLEAR
2026-04-17T14:13:22.848+05:30  INFO 11460 --- [trustpay-backend] [   scheduling-1] c.t.backend.service.WeatherScheduler     : ✅  No trigger conditions met (Rain=0.0mm, Temp=38.59°C)
2026-04-17T14:13:22.850+05:30  INFO 11460 --- [trustpay-backend] [   scheduling-1] c.t.backend.service.WeatherScheduler     : ✅ [WeatherScheduler] Cycle complete. 1 unique zones checked.
2026-04-17T14:13:22.851+05:30  INFO 11460 --- [trustpay-backend] [   scheduling-1] c.t.backend.service.WeatherScheduler     : ━━━━━━━━━━━━━━━━━━━━━━━━━━━━━━━━━━━━━━━━━━━━━━━━━━
2026-04-17T14:23:03.674+05:30 ERROR 11460 --- [trustpay-backend] [nio-8080-exec-5] com.trustpay.backend.security.JwtUtils   : Invalid JWT token: JWT strings must contain exactly 2 period characters. Found: 0
Hibernate: select u1_0.id,u1_0.active_days,u1_0.base_hourly_rate,u1_0.city,u1_0.coverage_paused,u1_0.created_at,u1_0.currenth3index,u1_0.earnings_protected_total,u1_0.email,u1_0.is_onboarding_complete,u1_0.latitude,u1_0.longitude,u1_0.member_since,u1_0.name,u1_0.otp,u1_0.pan_number,u1_0.password,u1_0.phone,u1_0.platform,u1_0.protection_score,u1_0.rewards_balance,u1_0.risk_tier,u1_0.role,u1_0.status,u1_0.total_claims,u1_0.total_paid,u1_0.upi_id,u1_0.username,u1_0.vehicle_type,u1_0.worker_id,u1_0.zone from users u1_0 where u1_0.username=?
2026-04-17T14:23:04.506+05:30 ERROR 11460 --- [trustpay-backend] [nio-8080-exec-3] com.trustpay.backend.security.JwtUtils   : Invalid JWT token: JWT strings must contain exactly 2 period characters. Found: 0
Hibernate: select u1_0.id,u1_0.active_days,u1_0.base_hourly_rate,u1_0.city,u1_0.coverage_paused,u1_0.created_at,u1_0.currenth3index,u1_0.earnings_protected_total,u1_0.email,u1_0.is_onboarding_complete,u1_0.latitude,u1_0.longitude,u1_0.member_since,u1_0.name,u1_0.otp,u1_0.pan_number,u1_0.password,u1_0.phone,u1_0.platform,u1_0.protection_score,u1_0.rewards_balance,u1_0.risk_tier,u1_0.role,u1_0.status,u1_0.total_claims,u1_0.total_paid,u1_0.upi_id,u1_0.username,u1_0.vehicle_type,u1_0.worker_id,u1_0.zone from users u1_0 where u1_0.username=?
2026-04-17T14:23:04.540+05:30 ERROR 11460 --- [trustpay-backend] [nio-8080-exec-4] com.trustpay.backend.security.JwtUtils   : Invalid JWT token: JWT strings must contain exactly 2 period characters. Found: 0
Hibernate: select u1_0.id,u1_0.active_days,u1_0.base_hourly_rate,u1_0.city,u1_0.coverage_paused,u1_0.created_at,u1_0.currenth3index,u1_0.earnings_protected_total,u1_0.email,u1_0.is_onboarding_complete,u1_0.latitude,u1_0.longitude,u1_0.member_since,u1_0.name,u1_0.otp,u1_0.pan_number,u1_0.password,u1_0.phone,u1_0.platform,u1_0.protection_score,u1_0.rewards_balance,u1_0.risk_tier,u1_0.role,u1_0.status,u1_0.total_claims,u1_0.total_paid,u1_0.upi_id,u1_0.username,u1_0.vehicle_type,u1_0.worker_id,u1_0.zone from users u1_0 where u1_0.username=?
2026-04-17T14:23:09.005+05:30 ERROR 11460 --- [trustpay-backend] [io-8080-exec-10] com.trustpay.backend.security.JwtUtils   : Invalid JWT token: JWT strings must contain exactly 2 period characters. Found: 0
2026-04-17T14:23:09.005+05:30 ERROR 11460 --- [trustpay-backend] [nio-8080-exec-6] com.trustpay.backend.security.JwtUtils   : Invalid JWT token: JWT strings must contain exactly 2 period characters. Found: 0
2026-04-17T14:23:09.571+05:30 ERROR 11460 --- [trustpay-backend] [nio-8080-exec-8] com.trustpay.backend.security.JwtUtils   : Invalid JWT token: JWT strings must contain exactly 2 period characters. Found: 0
2026-04-17T14:23:09.571+05:30 ERROR 11460 --- [trustpay-backend] [nio-8080-exec-7] com.trustpay.backend.security.JwtUtils   : Invalid JWT token: JWT strings must contain exactly 2 period characters. Found: 0
2026-04-17T14:23:09.572+05:30 ERROR 11460 --- [trustpay-backend] [nio-8080-exec-9] com.trustpay.backend.security.JwtUtils   : Invalid JWT token: JWT strings must contain exactly 2 period characters. Found: 0
Hibernate: select u1_0.id,u1_0.active_days,u1_0.base_hourly_rate,u1_0.city,u1_0.coverage_paused,u1_0.created_at,u1_0.currenth3index,u1_0.earnings_protected_total,u1_0.email,u1_0.is_onboarding_complete,u1_0.latitude,u1_0.longitude,u1_0.member_since,u1_0.name,u1_0.otp,u1_0.pan_number,u1_0.password,u1_0.phone,u1_0.platform,u1_0.protection_score,u1_0.rewards_balance,u1_0.risk_tier,u1_0.role,u1_0.status,u1_0.total_claims,u1_0.total_paid,u1_0.upi_id,u1_0.username,u1_0.vehicle_type,u1_0.worker_id,u1_0.zone from users u1_0 where u1_0.username=?
2026-04-17T14:23:09.610+05:30 ERROR 11460 --- [trustpay-backend] [nio-8080-exec-2] com.trustpay.backend.security.JwtUtils   : Invalid JWT token: JWT strings must contain exactly 2 period characters. Found: 0
2026-04-17T14:23:09.610+05:30 ERROR 11460 --- [trustpay-backend] [nio-8080-exec-1] com.trustpay.backend.security.JwtUtils   : Invalid JWT token: JWT strings must contain exactly 2 period characters. Found: 0
2026-04-17T14:23:09.614+05:30 ERROR 11460 --- [trustpay-backend] [nio-8080-exec-5] com.trustpay.backend.security.JwtUtils   : Invalid JWT token: JWT strings must contain exactly 2 period characters. Found: 0
Hibernate: select u1_0.id,u1_0.active_days,u1_0.base_hourly_rate,u1_0.city,u1_0.coverage_paused,u1_0.created_at,u1_0.currenth3index,u1_0.earnings_protected_total,u1_0.email,u1_0.is_onboarding_complete,u1_0.latitude,u1_0.longitude,u1_0.member_since,u1_0.name,u1_0.otp,u1_0.pan_number,u1_0.password,u1_0.phone,u1_0.platform,u1_0.protection_score,u1_0.rewards_balance,u1_0.risk_tier,u1_0.role,u1_0.status,u1_0.total_claims,u1_0.total_paid,u1_0.upi_id,u1_0.username,u1_0.vehicle_type,u1_0.worker_id,u1_0.zone from users u1_0 where u1_0.username=?
2026-04-17T14:23:11.893+05:30 ERROR 11460 --- [trustpay-backend] [nio-8080-exec-3] com.trustpay.backend.security.JwtUtils   : Invalid JWT token: JWT strings must contain exactly 2 period characters. Found: 0
2026-04-17T14:23:12.066+05:30 ERROR 11460 --- [trustpay-backend] [nio-8080-exec-4] com.trustpay.backend.security.JwtUtils   : Invalid JWT token: JWT strings must contain exactly 2 period characters. Found: 0
2026-04-17T14:23:18.038+05:30  INFO 11460 --- [trustpay-backend] [   scheduling-1] c.t.backend.service.TrafficScheduler     : Starting live Traffic ingestion...
2026-04-17T14:23:18.040+05:30  WARN 11460 --- [trustpay-backend] [   scheduling-1] c.t.backend.service.TrafficScheduler     : CRITICAL: Severe traffic delay detected (Index: 3.5)! Triggering parametric disruption.
2026-04-17T14:23:18.044+05:30  INFO 11460 --- [trustpay-backend] [   scheduling-1] c.t.backend.service.DisruptionService    : 📢 Parametric Trigger Activated: TRAFFIC in H3: 8960a259bd7ffff (Intensity: 3.5, Duration: 1.0 hrs)
Hibernate: insert into disruption_events (created_at,duration_hours,end_time,event_type,h3index,intensity_value,is_active,start_time,id) values (?,?,?,?,?,?,?,?,default)
Hibernate: select u1_0.id,u1_0.active_days,u1_0.base_hourly_rate,u1_0.city,u1_0.coverage_paused,u1_0.created_at,u1_0.currenth3index,u1_0.earnings_protected_total,u1_0.email,u1_0.is_onboarding_complete,u1_0.latitude,u1_0.longitude,u1_0.member_since,u1_0.name,u1_0.otp,u1_0.pan_number,u1_0.password,u1_0.phone,u1_0.platform,u1_0.protection_score,u1_0.rewards_balance,u1_0.risk_tier,u1_0.role,u1_0.status,u1_0.total_claims,u1_0.total_paid,u1_0.upi_id,u1_0.username,u1_0.vehicle_type,u1_0.worker_id,u1_0.zone from users u1_0
Hibernate: select u1_0.id,u1_0.active_days,u1_0.base_hourly_rate,u1_0.city,u1_0.coverage_paused,u1_0.created_at,u1_0.currenth3index,u1_0.earnings_protected_total,u1_0.email,u1_0.is_onboarding_complete,u1_0.latitude,u1_0.longitude,u1_0.member_since,u1_0.name,u1_0.otp,u1_0.pan_number,u1_0.password,u1_0.phone,u1_0.platform,u1_0.protection_score,u1_0.rewards_balance,u1_0.risk_tier,u1_0.role,u1_0.status,u1_0.total_claims,u1_0.total_paid,u1_0.upi_id,u1_0.username,u1_0.vehicle_type,u1_0.worker_id,u1_0.zone from users u1_0 where u1_0.id=?
2026-04-17T14:23:18.119+05:30  INFO 11460 --- [trustpay-backend] [   scheduling-1] c.t.backend.service.ClaimTriggerService  : Worker 1 has no H3 index yet
Hibernate: select u1_0.id,u1_0.active_days,u1_0.base_hourly_rate,u1_0.city,u1_0.coverage_paused,u1_0.created_at,u1_0.currenth3index,u1_0.earnings_protected_total,u1_0.email,u1_0.is_onboarding_complete,u1_0.latitude,u1_0.longitude,u1_0.member_since,u1_0.name,u1_0.otp,u1_0.pan_number,u1_0.password,u1_0.phone,u1_0.platform,u1_0.protection_score,u1_0.rewards_balance,u1_0.risk_tier,u1_0.role,u1_0.status,u1_0.total_claims,u1_0.total_paid,u1_0.upi_id,u1_0.username,u1_0.vehicle_type,u1_0.worker_id,u1_0.zone from users u1_0 where u1_0.id=?
2026-04-17T14:23:18.138+05:30  INFO 11460 --- [trustpay-backend] [   scheduling-1] c.t.backend.service.ClaimTriggerService  : Worker 33 has no H3 index yet
2026-04-17T14:23:42.716+05:30 ERROR 11460 --- [trustpay-backend] [io-8080-exec-10] com.trustpay.backend.security.JwtUtils   : Invalid JWT token: JWT strings must contain exactly 2 period characters. Found: 0
2026-04-17T14:23:42.716+05:30 ERROR 11460 --- [trustpay-backend] [nio-8080-exec-6] com.trustpay.backend.security.JwtUtils   : Invalid JWT token: JWT strings must contain exactly 2 period characters. Found: 0
Hibernate: select u1_0.id,u1_0.active_days,u1_0.base_hourly_rate,u1_0.city,u1_0.coverage_paused,u1_0.created_at,u1_0.currenth3index,u1_0.earnings_protected_total,u1_0.email,u1_0.is_onboarding_complete,u1_0.latitude,u1_0.longitude,u1_0.member_since,u1_0.name,u1_0.otp,u1_0.pan_number,u1_0.password,u1_0.phone,u1_0.platform,u1_0.protection_score,u1_0.rewards_balance,u1_0.risk_tier,u1_0.role,u1_0.status,u1_0.total_claims,u1_0.total_paid,u1_0.upi_id,u1_0.username,u1_0.vehicle_type,u1_0.worker_id,u1_0.zone from users u1_0 where u1_0.username=?
2026-04-17T14:23:42.742+05:30 ERROR 11460 --- [trustpay-backend] [nio-8080-exec-8] com.trustpay.backend.security.JwtUtils   : Invalid JWT token: JWT strings must contain exactly 2 period characters. Found: 0
2026-04-17T14:23:42.746+05:30 ERROR 11460 --- [trustpay-backend] [nio-8080-exec-9] com.trustpay.backend.security.JwtUtils   : Invalid JWT token: JWT strings must contain exactly 2 period characters. Found: 0
Hibernate: select u1_0.id,u1_0.active_days,u1_0.base_hourly_rate,u1_0.city,u1_0.coverage_paused,u1_0.created_at,u1_0.currenth3index,u1_0.earnings_protected_total,u1_0.email,u1_0.is_onboarding_complete,u1_0.latitude,u1_0.longitude,u1_0.member_since,u1_0.name,u1_0.otp,u1_0.pan_number,u1_0.password,u1_0.phone,u1_0.platform,u1_0.protection_score,u1_0.rewards_balance,u1_0.risk_tier,u1_0.role,u1_0.status,u1_0.total_claims,u1_0.total_paid,u1_0.upi_id,u1_0.username,u1_0.vehicle_type,u1_0.worker_id,u1_0.zone from users u1_0 where u1_0.username=?
2026-04-17T14:23:49.755+05:30 ERROR 11460 --- [trustpay-backend] [nio-8080-exec-7] com.trustpay.backend.security.JwtUtils   : Invalid JWT token: JWT strings must contain exactly 2 period characters. Found: 0
2026-04-17T14:23:49.759+05:30 ERROR 11460 --- [trustpay-backend] [nio-8080-exec-2] com.trustpay.backend.security.JwtUtils   : Invalid JWT token: JWT strings must contain exactly 2 period characters. Found: 0
2026-04-17T14:23:49.761+05:30 ERROR 11460 --- [trustpay-backend] [nio-8080-exec-1] com.trustpay.backend.security.JwtUtils   : Invalid JWT token: JWT strings must contain exactly 2 period characters. Found: 0
Hibernate: select u1_0.id,u1_0.active_days,u1_0.base_hourly_rate,u1_0.city,u1_0.coverage_paused,u1_0.created_at,u1_0.currenth3index,u1_0.earnings_protected_total,u1_0.email,u1_0.is_onboarding_complete,u1_0.latitude,u1_0.longitude,u1_0.member_since,u1_0.name,u1_0.otp,u1_0.pan_number,u1_0.password,u1_0.phone,u1_0.platform,u1_0.protection_score,u1_0.rewards_balance,u1_0.risk_tier,u1_0.role,u1_0.status,u1_0.total_claims,u1_0.total_paid,u1_0.upi_id,u1_0.username,u1_0.vehicle_type,u1_0.worker_id,u1_0.zone from users u1_0 where u1_0.username=?
2026-04-17T14:23:49.789+05:30 ERROR 11460 --- [trustpay-backend] [nio-8080-exec-3] com.trustpay.backend.security.JwtUtils   : Invalid JWT token: JWT strings must contain exactly 2 period characters. Found: 0
2026-04-17T14:23:49.789+05:30 ERROR 11460 --- [trustpay-backend] [nio-8080-exec-5] com.trustpay.backend.security.JwtUtils   : Invalid JWT token: JWT strings must contain exactly 2 period characters. Found: 0
2026-04-17T14:23:49.791+05:30 ERROR 11460 --- [trustpay-backend] [nio-8080-exec-4] com.trustpay.backend.security.JwtUtils   : Invalid JWT token: JWT strings must contain exactly 2 period characters. Found: 0
Hibernate: select u1_0.id,u1_0.active_days,u1_0.base_hourly_rate,u1_0.city,u1_0.coverage_paused,u1_0.created_at,u1_0.currenth3index,u1_0.earnings_protected_total,u1_0.email,u1_0.is_onboarding_complete,u1_0.latitude,u1_0.longitude,u1_0.member_since,u1_0.name,u1_0.otp,u1_0.pan_number,u1_0.password,u1_0.phone,u1_0.platform,u1_0.protection_score,u1_0.rewards_balance,u1_0.risk_tier,u1_0.role,u1_0.status,u1_0.total_claims,u1_0.total_paid,u1_0.upi_id,u1_0.username,u1_0.vehicle_type,u1_0.worker_id,u1_0.zone from users u1_0 where u1_0.username=?
2026-04-17T14:23:53.296+05:30 ERROR 11460 --- [trustpay-backend] [io-8080-exec-10] com.trustpay.backend.security.JwtUtils   : Invalid JWT token: JWT strings must contain exactly 2 period characters. Found: 0
2026-04-17T14:23:53.297+05:30 ERROR 11460 --- [trustpay-backend] [nio-8080-exec-8] com.trustpay.backend.security.JwtUtils   : Invalid JWT token: JWT strings must contain exactly 2 period characters. Found: 0
2026-04-17T14:23:53.296+05:30 ERROR 11460 --- [trustpay-backend] [nio-8080-exec-6] com.trustpay.backend.security.JwtUtils   : Invalid JWT token: JWT strings must contain exactly 2 period characters. Found: 0
Hibernate: select u1_0.id,u1_0.active_days,u1_0.base_hourly_rate,u1_0.city,u1_0.coverage_paused,u1_0.created_at,u1_0.currenth3index,u1_0.earnings_protected_total,u1_0.email,u1_0.is_onboarding_complete,u1_0.latitude,u1_0.longitude,u1_0.member_since,u1_0.name,u1_0.otp,u1_0.pan_number,u1_0.password,u1_0.phone,u1_0.platform,u1_0.protection_score,u1_0.rewards_balance,u1_0.risk_tier,u1_0.role,u1_0.status,u1_0.total_claims,u1_0.total_paid,u1_0.upi_id,u1_0.username,u1_0.vehicle_type,u1_0.worker_id,u1_0.zone from users u1_0 where u1_0.username=?
2026-04-17T14:23:53.339+05:30 ERROR 11460 --- [trustpay-backend] [nio-8080-exec-9] com.trustpay.backend.security.JwtUtils   : Invalid JWT token: JWT strings must contain exactly 2 period characters. Found: 0
2026-04-17T14:23:53.340+05:30 ERROR 11460 --- [trustpay-backend] [nio-8080-exec-2] com.trustpay.backend.security.JwtUtils   : Invalid JWT token: JWT strings must contain exactly 2 period characters. Found: 0
2026-04-17T14:23:53.365+05:30 ERROR 11460 --- [trustpay-backend] [nio-8080-exec-7] com.trustpay.backend.security.JwtUtils   : Invalid JWT token: JWT strings must contain exactly 2 period characters. Found: 0
Hibernate: select u1_0.id,u1_0.active_days,u1_0.base_hourly_rate,u1_0.city,u1_0.coverage_paused,u1_0.created_at,u1_0.currenth3index,u1_0.earnings_protected_total,u1_0.email,u1_0.is_onboarding_complete,u1_0.latitude,u1_0.longitude,u1_0.member_since,u1_0.name,u1_0.otp,u1_0.pan_number,u1_0.password,u1_0.phone,u1_0.platform,u1_0.protection_score,u1_0.rewards_balance,u1_0.risk_tier,u1_0.role,u1_0.status,u1_0.total_claims,u1_0.total_paid,u1_0.upi_id,u1_0.username,u1_0.vehicle_type,u1_0.worker_id,u1_0.zone from users u1_0 where u1_0.username=?
2026-04-17T14:23:53.394+05:30 ERROR 11460 --- [trustpay-backend] [nio-8080-exec-1] com.trustpay.backend.security.JwtUtils   : Invalid JWT token: JWT strings must contain exactly 2 period characters. Found: 0
Hibernate: select u1_0.id,u1_0.active_days,u1_0.base_hourly_rate,u1_0.city,u1_0.coverage_paused,u1_0.created_at,u1_0.currenth3index,u1_0.earnings_protected_total,u1_0.email,u1_0.is_onboarding_complete,u1_0.latitude,u1_0.longitude,u1_0.member_since,u1_0.name,u1_0.otp,u1_0.pan_number,u1_0.password,u1_0.phone,u1_0.platform,u1_0.protection_score,u1_0.rewards_balance,u1_0.risk_tier,u1_0.role,u1_0.status,u1_0.total_claims,u1_0.total_paid,u1_0.upi_id,u1_0.username,u1_0.vehicle_type,u1_0.worker_id,u1_0.zone from users u1_0 where u1_0.username=?
2026-04-17T14:23:53.419+05:30 ERROR 11460 --- [trustpay-backend] [nio-8080-exec-5] com.trustpay.backend.security.JwtUtils   : Invalid JWT token: JWT strings must contain exactly 2 period characters. Found: 0
Hibernate: select u1_0.id,u1_0.active_days,u1_0.base_hourly_rate,u1_0.city,u1_0.coverage_paused,u1_0.created_at,u1_0.currenth3index,u1_0.earnings_protected_total,u1_0.email,u1_0.is_onboarding_complete,u1_0.latitude,u1_0.longitude,u1_0.member_since,u1_0.name,u1_0.otp,u1_0.pan_number,u1_0.password,u1_0.phone,u1_0.platform,u1_0.protection_score,u1_0.rewards_balance,u1_0.risk_tier,u1_0.role,u1_0.status,u1_0.total_claims,u1_0.total_paid,u1_0.upi_id,u1_0.username,u1_0.vehicle_type,u1_0.worker_id,u1_0.zone from users u1_0 where u1_0.username=?
2026-04-17T14:23:59.199+05:30 ERROR 11460 --- [trustpay-backend] [nio-8080-exec-3] com.trustpay.backend.security.JwtUtils   : Invalid JWT token: JWT strings must contain exactly 2 period characters. Found: 0
2026-04-17T14:23:59.201+05:30 ERROR 11460 --- [trustpay-backend] [io-8080-exec-10] com.trustpay.backend.security.JwtUtils   : Invalid JWT token: JWT strings must contain exactly 2 period characters. Found: 0
2026-04-17T14:23:59.201+05:30 ERROR 11460 --- [trustpay-backend] [nio-8080-exec-4] com.trustpay.backend.security.JwtUtils   : Invalid JWT token: JWT strings must contain exactly 2 period characters. Found: 0
Hibernate: select u1_0.id,u1_0.active_days,u1_0.base_hourly_rate,u1_0.city,u1_0.coverage_paused,u1_0.created_at,u1_0.currenth3index,u1_0.earnings_protected_total,u1_0.email,u1_0.is_onboarding_complete,u1_0.latitude,u1_0.longitude,u1_0.member_since,u1_0.name,u1_0.otp,u1_0.pan_number,u1_0.password,u1_0.phone,u1_0.platform,u1_0.protection_score,u1_0.rewards_balance,u1_0.risk_tier,u1_0.role,u1_0.status,u1_0.total_claims,u1_0.total_paid,u1_0.upi_id,u1_0.username,u1_0.vehicle_type,u1_0.worker_id,u1_0.zone from users u1_0 where u1_0.username=?
2026-04-17T14:23:59.235+05:30 ERROR 11460 --- [trustpay-backend] [nio-8080-exec-8] com.trustpay.backend.security.JwtUtils   : Invalid JWT token: JWT strings must contain exactly 2 period characters. Found: 0
2026-04-17T14:23:59.247+05:30 ERROR 11460 --- [trustpay-backend] [nio-8080-exec-6] com.trustpay.backend.security.JwtUtils   : Invalid JWT token: JWT strings must contain exactly 2 period characters. Found: 0
2026-04-17T14:23:59.248+05:30 ERROR 11460 --- [trustpay-backend] [nio-8080-exec-9] com.trustpay.backend.security.JwtUtils   : Invalid JWT token: JWT strings must contain exactly 2 period characters. Found: 0
Hibernate: select u1_0.id,u1_0.active_days,u1_0.base_hourly_rate,u1_0.city,u1_0.coverage_paused,u1_0.created_at,u1_0.currenth3index,u1_0.earnings_protected_total,u1_0.email,u1_0.is_onboarding_complete,u1_0.latitude,u1_0.longitude,u1_0.member_since,u1_0.name,u1_0.otp,u1_0.pan_number,u1_0.password,u1_0.phone,u1_0.platform,u1_0.protection_score,u1_0.rewards_balance,u1_0.risk_tier,u1_0.role,u1_0.status,u1_0.total_claims,u1_0.total_paid,u1_0.upi_id,u1_0.username,u1_0.vehicle_type,u1_0.worker_id,u1_0.zone from users u1_0 where u1_0.username=?
2026-04-17T14:23:59.280+05:30 ERROR 11460 --- [trustpay-backend] [nio-8080-exec-2] com.trustpay.backend.security.JwtUtils   : Invalid JWT token: JWT strings must contain exactly 2 period characters. Found: 0
Hibernate: select u1_0.id,u1_0.active_days,u1_0.base_hourly_rate,u1_0.city,u1_0.coverage_paused,u1_0.created_at,u1_0.currenth3index,u1_0.earnings_protected_total,u1_0.email,u1_0.is_onboarding_complete,u1_0.latitude,u1_0.longitude,u1_0.member_since,u1_0.name,u1_0.otp,u1_0.pan_number,u1_0.password,u1_0.phone,u1_0.platform,u1_0.protection_score,u1_0.rewards_balance,u1_0.risk_tier,u1_0.role,u1_0.status,u1_0.total_claims,u1_0.total_paid,u1_0.upi_id,u1_0.username,u1_0.vehicle_type,u1_0.worker_id,u1_0.zone from users u1_0 where u1_0.username=?
2026-04-17T14:23:59.308+05:30 ERROR 11460 --- [trustpay-backend] [nio-8080-exec-7] com.trustpay.backend.security.JwtUtils   : Invalid JWT token: JWT strings must contain exactly 2 period characters. Found: 0
Hibernate: select u1_0.id,u1_0.active_days,u1_0.base_hourly_rate,u1_0.city,u1_0.coverage_paused,u1_0.created_at,u1_0.currenth3index,u1_0.earnings_protected_total,u1_0.email,u1_0.is_onboarding_complete,u1_0.latitude,u1_0.longitude,u1_0.member_since,u1_0.name,u1_0.otp,u1_0.pan_number,u1_0.password,u1_0.phone,u1_0.platform,u1_0.protection_score,u1_0.rewards_balance,u1_0.risk_tier,u1_0.role,u1_0.status,u1_0.total_claims,u1_0.total_paid,u1_0.upi_id,u1_0.username,u1_0.vehicle_type,u1_0.worker_id,u1_0.zone from users u1_0 where u1_0.username=?
2026-04-17T14:24:04.075+05:30 ERROR 11460 --- [trustpay-backend] [nio-8080-exec-1] com.trustpay.backend.security.JwtUtils   : Invalid JWT token: JWT strings must contain exactly 2 period characters. Found: 0
Hibernate: select u1_0.id,u1_0.active_days,u1_0.base_hourly_rate,u1_0.city,u1_0.coverage_paused,u1_0.created_at,u1_0.currenth3index,u1_0.earnings_protected_total,u1_0.email,u1_0.is_onboarding_complete,u1_0.latitude,u1_0.longitude,u1_0.member_since,u1_0.name,u1_0.otp,u1_0.pan_number,u1_0.password,u1_0.phone,u1_0.platform,u1_0.protection_score,u1_0.rewards_balance,u1_0.risk_tier,u1_0.role,u1_0.status,u1_0.total_claims,u1_0.total_paid,u1_0.upi_id,u1_0.username,u1_0.vehicle_type,u1_0.worker_id,u1_0.zone from users u1_0 where u1_0.username=?
2026-04-17T14:24:04.094+05:30 ERROR 11460 --- [trustpay-backend] [nio-8080-exec-5] com.trustpay.backend.security.JwtUtils   : Invalid JWT token: JWT strings must contain exactly 2 period characters. Found: 0
Hibernate: select u1_0.id,u1_0.active_days,u1_0.base_hourly_rate,u1_0.city,u1_0.coverage_paused,u1_0.created_at,u1_0.currenth3index,u1_0.earnings_protected_total,u1_0.email,u1_0.is_onboarding_complete,u1_0.latitude,u1_0.longitude,u1_0.member_since,u1_0.name,u1_0.otp,u1_0.pan_number,u1_0.password,u1_0.phone,u1_0.platform,u1_0.protection_score,u1_0.rewards_balance,u1_0.risk_tier,u1_0.role,u1_0.status,u1_0.total_claims,u1_0.total_paid,u1_0.upi_id,u1_0.username,u1_0.vehicle_type,u1_0.worker_id,u1_0.zone from users u1_0 where u1_0.username=?
2026-04-17T14:24:07.502+05:30 ERROR 11460 --- [trustpay-backend] [io-8080-exec-10] com.trustpay.backend.security.JwtUtils   : Invalid JWT token: JWT strings must contain exactly 2 period characters. Found: 0
Hibernate: select u1_0.id,u1_0.active_days,u1_0.base_hourly_rate,u1_0.city,u1_0.coverage_paused,u1_0.created_at,u1_0.currenth3index,u1_0.earnings_protected_total,u1_0.email,u1_0.is_onboarding_complete,u1_0.latitude,u1_0.longitude,u1_0.member_since,u1_0.name,u1_0.otp,u1_0.pan_number,u1_0.password,u1_0.phone,u1_0.platform,u1_0.protection_score,u1_0.rewards_balance,u1_0.risk_tier,u1_0.role,u1_0.status,u1_0.total_claims,u1_0.total_paid,u1_0.upi_id,u1_0.username,u1_0.vehicle_type,u1_0.worker_id,u1_0.zone from users u1_0 where u1_0.username=?
2026-04-17T14:24:07.525+05:30 ERROR 11460 --- [trustpay-backend] [nio-8080-exec-4] com.trustpay.backend.security.JwtUtils   : Invalid JWT token: JWT strings must contain exactly 2 period characters. Found: 0
Hibernate: select u1_0.id,u1_0.active_days,u1_0.base_hourly_rate,u1_0.city,u1_0.coverage_paused,u1_0.created_at,u1_0.currenth3index,u1_0.earnings_protected_total,u1_0.email,u1_0.is_onboarding_complete,u1_0.latitude,u1_0.longitude,u1_0.member_since,u1_0.name,u1_0.otp,u1_0.pan_number,u1_0.password,u1_0.phone,u1_0.platform,u1_0.protection_score,u1_0.rewards_balance,u1_0.risk_tier,u1_0.role,u1_0.status,u1_0.total_claims,u1_0.total_paid,u1_0.upi_id,u1_0.username,u1_0.vehicle_type,u1_0.worker_id,u1_0.zone from users u1_0 where u1_0.username=?
2026-04-17T14:24:09.548+05:30 ERROR 11460 --- [trustpay-backend] [nio-8080-exec-8] com.trustpay.backend.security.JwtUtils   : Invalid JWT token: JWT strings must contain exactly 2 period characters. Found: 0
2026-04-17T14:24:09.550+05:30 ERROR 11460 --- [trustpay-backend] [nio-8080-exec-3] com.trustpay.backend.security.JwtUtils   : Invalid JWT token: JWT strings must contain exactly 2 period characters. Found: 0
2026-04-17T14:24:09.555+05:30 ERROR 11460 --- [trustpay-backend] [nio-8080-exec-6] com.trustpay.backend.security.JwtUtils   : Invalid JWT token: JWT strings must contain exactly 2 period characters. Found: 0
Hibernate: select u1_0.id,u1_0.active_days,u1_0.base_hourly_rate,u1_0.city,u1_0.coverage_paused,u1_0.created_at,u1_0.currenth3index,u1_0.earnings_protected_total,u1_0.email,u1_0.is_onboarding_complete,u1_0.latitude,u1_0.longitude,u1_0.member_since,u1_0.name,u1_0.otp,u1_0.pan_number,u1_0.password,u1_0.phone,u1_0.platform,u1_0.protection_score,u1_0.rewards_balance,u1_0.risk_tier,u1_0.role,u1_0.status,u1_0.total_claims,u1_0.total_paid,u1_0.upi_id,u1_0.username,u1_0.vehicle_type,u1_0.worker_id,u1_0.zone from users u1_0 where u1_0.username=?
2026-04-17T14:24:09.580+05:30 ERROR 11460 --- [trustpay-backend] [nio-8080-exec-9] com.trustpay.backend.security.JwtUtils   : Invalid JWT token: JWT strings must contain exactly 2 period characters. Found: 0
2026-04-17T14:24:09.590+05:30 ERROR 11460 --- [trustpay-backend] [nio-8080-exec-2] com.trustpay.backend.security.JwtUtils   : Invalid JWT token: JWT strings must contain exactly 2 period characters. Found: 0
2026-04-17T14:24:09.609+05:30 ERROR 11460 --- [trustpay-backend] [nio-8080-exec-7] com.trustpay.backend.security.JwtUtils   : Invalid JWT token: JWT strings must contain exactly 2 period characters. Found: 0
Hibernate: select u1_0.id,u1_0.active_days,u1_0.base_hourly_rate,u1_0.city,u1_0.coverage_paused,u1_0.created_at,u1_0.currenth3index,u1_0.earnings_protected_total,u1_0.email,u1_0.is_onboarding_complete,u1_0.latitude,u1_0.longitude,u1_0.member_since,u1_0.name,u1_0.otp,u1_0.pan_number,u1_0.password,u1_0.phone,u1_0.platform,u1_0.protection_score,u1_0.rewards_balance,u1_0.risk_tier,u1_0.role,u1_0.status,u1_0.total_claims,u1_0.total_paid,u1_0.upi_id,u1_0.username,u1_0.vehicle_type,u1_0.worker_id,u1_0.zone from users u1_0 where u1_0.username=?
2026-04-17T14:24:11.732+05:30 ERROR 11460 --- [trustpay-backend] [nio-8080-exec-1] com.trustpay.backend.security.JwtUtils   : Invalid JWT token: JWT strings must contain exactly 2 period characters. Found: 0
2026-04-17T14:24:11.732+05:30 ERROR 11460 --- [trustpay-backend] [nio-8080-exec-5] com.trustpay.backend.security.JwtUtils   : Invalid JWT token: JWT strings must contain exactly 2 period characters. Found: 0
2026-04-17T14:24:12.302+05:30 ERROR 11460 --- [trustpay-backend] [nio-8080-exec-8] com.trustpay.backend.security.JwtUtils   : Invalid JWT token: JWT strings must contain exactly 2 period characters. Found: 0
2026-04-17T14:24:12.303+05:30 ERROR 11460 --- [trustpay-backend] [io-8080-exec-10] com.trustpay.backend.security.JwtUtils   : Invalid JWT token: JWT strings must contain exactly 2 period characters. Found: 0
2026-04-17T14:24:12.303+05:30 ERROR 11460 --- [trustpay-backend] [nio-8080-exec-4] com.trustpay.backend.security.JwtUtils   : Invalid JWT token: JWT strings must contain exactly 2 period characters. Found: 0
Hibernate: select u1_0.id,u1_0.active_days,u1_0.base_hourly_rate,u1_0.city,u1_0.coverage_paused,u1_0.created_at,u1_0.currenth3index,u1_0.earnings_protected_total,u1_0.email,u1_0.is_onboarding_complete,u1_0.latitude,u1_0.longitude,u1_0.member_since,u1_0.name,u1_0.otp,u1_0.pan_number,u1_0.password,u1_0.phone,u1_0.platform,u1_0.protection_score,u1_0.rewards_balance,u1_0.risk_tier,u1_0.role,u1_0.status,u1_0.total_claims,u1_0.total_paid,u1_0.upi_id,u1_0.username,u1_0.vehicle_type,u1_0.worker_id,u1_0.zone from users u1_0 where u1_0.username=?
2026-04-17T14:24:12.352+05:30 ERROR 11460 --- [trustpay-backend] [nio-8080-exec-6] com.trustpay.backend.security.JwtUtils   : Invalid JWT token: JWT strings must contain exactly 2 period characters. Found: 0
2026-04-17T14:24:12.357+05:30 ERROR 11460 --- [trustpay-backend] [nio-8080-exec-3] com.trustpay.backend.security.JwtUtils   : Invalid JWT token: JWT strings must contain exactly 2 period characters. Found: 0
2026-04-17T14:24:12.357+05:30 ERROR 11460 --- [trustpay-backend] [nio-8080-exec-9] com.trustpay.backend.security.JwtUtils   : Invalid JWT token: JWT strings must contain exactly 2 period characters. Found: 0
Hibernate: select u1_0.id,u1_0.active_days,u1_0.base_hourly_rate,u1_0.city,u1_0.coverage_paused,u1_0.created_at,u1_0.currenth3index,u1_0.earnings_protected_total,u1_0.email,u1_0.is_onboarding_complete,u1_0.latitude,u1_0.longitude,u1_0.member_since,u1_0.name,u1_0.otp,u1_0.pan_number,u1_0.password,u1_0.phone,u1_0.platform,u1_0.protection_score,u1_0.rewards_balance,u1_0.risk_tier,u1_0.role,u1_0.status,u1_0.total_claims,u1_0.total_paid,u1_0.upi_id,u1_0.username,u1_0.vehicle_type,u1_0.worker_id,u1_0.zone from users u1_0 where u1_0.username=?
2026-04-17T14:24:16.857+05:30 ERROR 11460 --- [trustpay-backend] [nio-8080-exec-2] com.trustpay.backend.security.JwtUtils   : Invalid JWT token: JWT strings must contain exactly 2 period characters. Found: 0
Hibernate: select u1_0.id,u1_0.active_days,u1_0.base_hourly_rate,u1_0.city,u1_0.coverage_paused,u1_0.created_at,u1_0.currenth3index,u1_0.earnings_protected_total,u1_0.email,u1_0.is_onboarding_complete,u1_0.latitude,u1_0.longitude,u1_0.member_since,u1_0.name,u1_0.otp,u1_0.pan_number,u1_0.password,u1_0.phone,u1_0.platform,u1_0.protection_score,u1_0.rewards_balance,u1_0.risk_tier,u1_0.role,u1_0.status,u1_0.total_claims,u1_0.total_paid,u1_0.upi_id,u1_0.username,u1_0.vehicle_type,u1_0.worker_id,u1_0.zone from users u1_0 where u1_0.username=?
2026-04-17T14:24:16.881+05:30 ERROR 11460 --- [trustpay-backend] [nio-8080-exec-7] com.trustpay.backend.security.JwtUtils   : Invalid JWT token: JWT strings must contain exactly 2 period characters. Found: 0
Hibernate: select u1_0.id,u1_0.active_days,u1_0.base_hourly_rate,u1_0.city,u1_0.coverage_paused,u1_0.created_at,u1_0.currenth3index,u1_0.earnings_protected_total,u1_0.email,u1_0.is_onboarding_complete,u1_0.latitude,u1_0.longitude,u1_0.member_since,u1_0.name,u1_0.otp,u1_0.pan_number,u1_0.password,u1_0.phone,u1_0.platform,u1_0.protection_score,u1_0.rewards_balance,u1_0.risk_tier,u1_0.role,u1_0.status,u1_0.total_claims,u1_0.total_paid,u1_0.upi_id,u1_0.username,u1_0.vehicle_type,u1_0.worker_id,u1_0.zone from users u1_0 where u1_0.username=?
2026-04-17T14:24:38.234+05:30 ERROR 11460 --- [trustpay-backend] [nio-8080-exec-1] com.trustpay.backend.security.JwtUtils   : Invalid JWT token: JWT strings must contain exactly 2 period characters. Found: 0
2026-04-17T14:24:38.242+05:30 ERROR 11460 --- [trustpay-backend] [nio-8080-exec-5] com.trustpay.backend.security.JwtUtils   : Invalid JWT token: JWT strings must contain exactly 2 period characters. Found: 0
2026-04-17T14:24:38.779+05:30 ERROR 11460 --- [trustpay-backend] [io-8080-exec-10] com.trustpay.backend.security.JwtUtils   : Invalid JWT token: JWT strings must contain exactly 2 period characters. Found: 0
2026-04-17T14:24:38.779+05:30 ERROR 11460 --- [trustpay-backend] [nio-8080-exec-8] com.trustpay.backend.security.JwtUtils   : Invalid JWT token: JWT strings must contain exactly 2 period characters. Found: 0
2026-04-17T14:24:38.796+05:30 ERROR 11460 --- [trustpay-backend] [nio-8080-exec-4] com.trustpay.backend.security.JwtUtils   : Invalid JWT token: JWT strings must contain exactly 2 period characters. Found: 0
Hibernate: select u1_0.id,u1_0.active_days,u1_0.base_hourly_rate,u1_0.city,u1_0.coverage_paused,u1_0.created_at,u1_0.currenth3index,u1_0.earnings_protected_total,u1_0.email,u1_0.is_onboarding_complete,u1_0.latitude,u1_0.longitude,u1_0.member_since,u1_0.name,u1_0.otp,u1_0.pan_number,u1_0.password,u1_0.phone,u1_0.platform,u1_0.protection_score,u1_0.rewards_balance,u1_0.risk_tier,u1_0.role,u1_0.status,u1_0.total_claims,u1_0.total_paid,u1_0.upi_id,u1_0.username,u1_0.vehicle_type,u1_0.worker_id,u1_0.zone from users u1_0 where u1_0.username=?
2026-04-17T14:24:38.855+05:30 ERROR 11460 --- [trustpay-backend] [nio-8080-exec-6] com.trustpay.backend.security.JwtUtils   : Invalid JWT token: JWT strings must contain exactly 2 period characters. Found: 0
2026-04-17T14:24:38.858+05:30 ERROR 11460 --- [trustpay-backend] [nio-8080-exec-3] com.trustpay.backend.security.JwtUtils   : Invalid JWT token: JWT strings must contain exactly 2 period characters. Found: 0
2026-04-17T14:24:38.859+05:30 ERROR 11460 --- [trustpay-backend] [nio-8080-exec-9] com.trustpay.backend.security.JwtUtils   : Invalid JWT token: JWT strings must contain exactly 2 period characters. Found: 0
Hibernate: select u1_0.id,u1_0.active_days,u1_0.base_hourly_rate,u1_0.city,u1_0.coverage_paused,u1_0.created_at,u1_0.currenth3index,u1_0.earnings_protected_total,u1_0.email,u1_0.is_onboarding_complete,u1_0.latitude,u1_0.longitude,u1_0.member_since,u1_0.name,u1_0.otp,u1_0.pan_number,u1_0.password,u1_0.phone,u1_0.platform,u1_0.protection_score,u1_0.rewards_balance,u1_0.risk_tier,u1_0.role,u1_0.status,u1_0.total_claims,u1_0.total_paid,u1_0.upi_id,u1_0.username,u1_0.vehicle_type,u1_0.worker_id,u1_0.zone from users u1_0 where u1_0.username=?
2026-04-17T14:24:39.747+05:30 ERROR 11460 --- [trustpay-backend] [nio-8080-exec-2] com.trustpay.backend.security.JwtUtils   : Invalid JWT token: JWT strings must contain exactly 2 period characters. Found: 0
2026-04-17T14:24:39.859+05:30 ERROR 11460 --- [trustpay-backend] [nio-8080-exec-7] com.trustpay.backend.security.JwtUtils   : Invalid JWT token: JWT strings must contain exactly 2 period characters. Found: 0
